<?xml version="1.0" encoding="utf-8"?><testsuites><testsuite name="pytest" errors="0" failures="1" skipped="0" tests="20" time="6.718" timestamp="2022-08-24T22:30:02.654519" hostname="vorph-maison"><testcase classname="tests.test_create_aml_experiment.TestAMLExperiment" name="test_generate_run_config" time="0.016"><failure message="AssertionError: assert 'local' == 'test_compute_name'&#10;  - test_compute_name&#10;  + local">tests/test_create_aml_experiment.py:209: in test_generate_run_config
    assert run_config.target == "test_compute_name"
E   AssertionError: assert 'local' == 'test_compute_name'
E     - test_compute_name
E     + local
        aml_exp    = &lt;azure_helper.steps.create_aml_experiment.AMLExperiment object at 0x7f96569a7940&gt;
        mock_aml_inteface = &lt;MagicMock name='AMLInterface' id='140283674753920'&gt;
        mock_aml_inteface_obj = &lt;Mock name='AMLInterface()' id='140283674786016'&gt;
        mock_env   = &lt;MagicMock name='Environment' id='140283675103824'&gt;
        mock_env_obj = &lt;Mock name='Environment.get()' id='140283675104688'&gt;
        mocker     = &lt;pytest_mock.plugin.MockerFixture object at 0x7f96569f5cd0&gt;
        resource_group = 'test_rg'
        run_config = &lt;[TypeError("'Mock' object is not subscriptable") raised in repr()] RunConfiguration object at 0x7f96569a7a00&gt;
        self       = &lt;test_create_aml_experiment.TestAMLExperiment object at 0x7f968b88e340&gt;
        spn_credentials = {'service_principal_id': 'test_spn_id',
 'service_principal_password': 'test_spn_passwd',
 'tenant_id': 'test_tenant_id'}
        subscription_id = 'test_sub_id'
        workspace_name = 'test_workspace'</failure></testcase><testcase classname="tests.test_create_aml_env.TestRetrieveWhlFilepath" name="test_create_aml_environment_with_docker" time="0.012" /><testcase classname="tests.test_blob_storage_interface.TestBlobStorageInterface" name="test_init" time="0.004" /><testcase classname="tests.test_aml_interface.TestAMLInterface" name="test_get_compute_target" time="0.015" /><testcase classname="tests.test_aml_interface.TestAMLInterface" name="test_register_datastore" time="0.007" /><testcase classname="tests.test_create_data.TestCreateClassificationData" name="test_upload_test_data" time="0.008" /><testcase classname="tests.test_create_data.TestCreateClassificationData" name="test_upload_validation_data" time="0.008" /><testcase classname="tests.test_create_aml_experiment.TestAMLExperiment" name="test_submit_run_no_clean_after_run" time="0.034" /><testcase classname="tests.test_create_aml_env.TestRetrieveWhlFilepath" name="test_retrieve_whl_filepath_fails_no_file" time="0.010" /><testcase classname="tests.test_create_aml_env.TestRetrieveWhlFilepath" name="test_retrieve_whl_filepath" time="0.010" /><testcase classname="tests.test_create_aml_env.TestRetrieveWhlFilepath" name="test_retrieve_whl_filepath_fails_no_dist_dir" time="0.011" /><testcase classname="tests.test_create_aml_env.TestRetrieveWhlFilepath" name="test_create_aml_environment_with_error" time="0.012" /><testcase classname="tests.test_create_aml_experiment.TestAMLExperiment" name="test_submit_run" time="0.035" /><testcase classname="tests.test_blob_storage_interface.TestBlobStorageInterface" name="test_create_container" time="0.012" /><testcase classname="tests.test_blob_storage_interface.TestBlobStorageInterface" name="test_upload_df_to_blob" time="0.018" /><testcase classname="tests.test_create_data.TestCreateClassificationData" name="test_upload_training_data" time="0.011" /><testcase classname="tests.test_create_data.TestCreateClassificationData" name="test_init" time="0.012" /><testcase classname="tests.test_create_aml_env.TestRetrieveWhlFilepath" name="test_create_aml_environment_with_pip" time="0.010" /><testcase classname="tests.test_create_aml_env.TestRetrieveWhlFilepath" name="test_validate_dir" time="0.015" /><testcase classname="tests.test_blob_storage_interface.TestBlobStorageInterface" name="test_download_blob_to_df" time="0.017" /></testsuite></testsuites>
