<?xml version="1.0" encoding="utf-8"?><testsuites><testsuite name="pytest" errors="0" failures="0" skipped="0" tests="18" time="6.059" timestamp="2022-08-12T14:42:29.138142" hostname="vorph-maison"><testcase classname="tests.test_create_aml_experiment.TestAMLExperiment" name="test_submit_run" time="0.026" /><testcase classname="tests.test_create_aml_env.TestRetrieveWhlFilepath" name="test_create_aml_environment_with_docker" time="0.014" /><testcase classname="tests.test_aml_interface.TestAMLInterface" name="test_register_datastore" time="0.007" /><testcase classname="tests.test_blob_storage_interface.TestBlobStorageInterface" name="test_init" time="0.005" /><testcase classname="tests.test_create_aml_env.TestRetrieveWhlFilepath" name="test_create_aml_environment_with_pip" time="0.013" /><testcase classname="tests.test_create_aml_env.TestRetrieveWhlFilepath" name="test_retrieve_whl_filepath_fails_no_file" time="0.010" /><testcase classname="tests.test_create_aml_env.TestRetrieveWhlFilepath" name="test_validate_dir" time="0.011" /><testcase classname="tests.test_create_aml_env.TestRetrieveWhlFilepath" name="test_retrieve_whl_filepath_fails_no_dist_dir" time="0.011" /><testcase classname="tests.test_blob_storage_interface.TestBlobStorageInterface" name="test_create_container" time="0.012" /><testcase classname="tests.test_create_aml_env.TestRetrieveWhlFilepath" name="test_create_aml_environment_with_error" time="0.014" /><testcase classname="tests.test_blob_storage_interface.TestBlobStorageInterface" name="test_download_blob_to_df" time="0.019" /><testcase classname="tests.test_create_data.TestCreateClassificationData" name="test_upload_validation_data" time="0.011" /><testcase classname="tests.test_create_data.TestCreateClassificationData" name="test_upload_test_data" time="0.011" /><testcase classname="tests.test_create_data.TestCreateClassificationData" name="test_upload_training_data" time="0.013" /><testcase classname="tests.test_aml_interface.TestAMLInterface" name="test_get_compute_target" time="0.015" /><testcase classname="tests.test_create_aml_env.TestRetrieveWhlFilepath" name="test_retrieve_whl_filepath" time="0.017" /><testcase classname="tests.test_blob_storage_interface.TestBlobStorageInterface" name="test_upload_df_to_blob" time="0.025" /><testcase classname="tests.test_create_data.TestCreateClassificationData" name="test_init" time="0.015" /></testsuite></testsuites>
