<?xml version="1.0" encoding="utf-8"?><testsuites><testsuite name="pytest" errors="0" failures="0" skipped="0" tests="18" time="7.070" timestamp="2022-08-22T15:21:37.263953" hostname="dell-mathieu"><testcase classname="tests.test_aml_interface.TestAMLInterface" name="test_get_compute_target" time="0.019" /><testcase classname="tests.test_blob_storage_interface.TestBlobStorageInterface" name="test_init" time="0.006" /><testcase classname="tests.test_create_aml_env.TestRetrieveWhlFilepath" name="test_validate_dir" time="0.014" /><testcase classname="tests.test_blob_storage_interface.TestBlobStorageInterface" name="test_upload_df_to_blob" time="0.025" /><testcase classname="tests.test_create_aml_env.TestRetrieveWhlFilepath" name="test_retrieve_whl_filepath_fails_no_dist_dir" time="0.013" /><testcase classname="tests.test_aml_interface.TestAMLInterface" name="test_register_datastore" time="0.008" /><testcase classname="tests.test_blob_storage_interface.TestBlobStorageInterface" name="test_download_blob_to_df" time="0.019" /><testcase classname="tests.test_blob_storage_interface.TestBlobStorageInterface" name="test_create_container" time="0.013" /><testcase classname="tests.test_create_aml_env.TestRetrieveWhlFilepath" name="test_create_aml_environment_with_pip" time="0.014" /><testcase classname="tests.test_create_aml_env.TestRetrieveWhlFilepath" name="test_create_aml_environment_with_docker" time="0.045" /><testcase classname="tests.test_create_aml_env.TestRetrieveWhlFilepath" name="test_retrieve_whl_filepath_fails_no_file" time="0.035" /><testcase classname="tests.test_create_aml_env.TestRetrieveWhlFilepath" name="test_retrieve_whl_filepath" time="0.012" /><testcase classname="tests.test_create_data.TestCreateClassificationData" name="test_upload_training_data" time="0.014" /><testcase classname="tests.test_create_aml_env.TestRetrieveWhlFilepath" name="test_create_aml_environment_with_error" time="0.015" /><testcase classname="tests.test_create_aml_experiment.TestAMLExperiment" name="test_submit_run" time="0.053" /><testcase classname="tests.test_create_data.TestCreateClassificationData" name="test_init" time="0.023" /><testcase classname="tests.test_create_data.TestCreateClassificationData" name="test_upload_test_data" time="0.012" /><testcase classname="tests.test_create_data.TestCreateClassificationData" name="test_upload_validation_data" time="0.015" /></testsuite></testsuites>